2023-05-09 14:27:35 INFO [com.example.yin.YinMusicApplication]: Starting YinMusicApplication using Java 1.8.0_241 on DESKTOP-H6TR2S3 with PID 21136 (D:\小金库\音乐\music-website\music-website\music-server\target\classes started by 坤 in D:\小金库\音乐\music-website\music-website)
2023-05-09 14:27:35 INFO [com.example.yin.YinMusicApplication]: The following profiles are active: dev
2023-05-09 14:27:35 INFO [org.springframework.boot.devtools.env.DevToolsPropertyDefaultsPostProcessor]: Devtools property defaults active! Set 'spring.devtools.add-properties' to 'false' to disable
2023-05-09 14:27:35 INFO [org.springframework.boot.devtools.env.DevToolsPropertyDefaultsPostProcessor]: For additional web related logging consider setting the 'logging.level.web' property to 'DEBUG'
2023-05-09 14:27:35 INFO [org.springframework.data.repository.config.RepositoryConfigurationDelegate]: Multiple Spring Data modules found, entering strict repository configuration mode!
2023-05-09 14:27:35 INFO [org.springframework.data.repository.config.RepositoryConfigurationDelegate]: Bootstrapping Spring Data Redis repositories in DEFAULT mode.
2023-05-09 14:27:35 INFO [org.springframework.data.repository.config.RepositoryConfigurationDelegate]: Finished Spring Data repository scanning in 10 ms. Found 0 Redis repository interfaces.
2023-05-09 14:27:37 INFO [org.springframework.boot.web.embedded.tomcat.TomcatWebServer]: Tomcat initialized with port(s): 8888 (http)
2023-05-09 14:27:37 INFO [org.springframework.boot.web.servlet.context.ServletWebServerApplicationContext]: Root WebApplicationContext: initialization completed in 2017 ms
2023-05-09 14:27:37 INFO [org.springframework.boot.devtools.autoconfigure.OptionalLiveReloadServer]: LiveReload server is running on port 35729
2023-05-09 14:27:37 INFO [org.springframework.boot.web.embedded.tomcat.TomcatWebServer]: Tomcat started on port(s): 8888 (http) with context path ''
2023-05-09 14:27:37 INFO [com.example.yin.YinMusicApplication]: Started YinMusicApplication in 2.858 seconds (JVM running for 3.823)
2023-05-09 14:29:07 INFO [org.springframework.web.servlet.DispatcherServlet]: Initializing Servlet 'dispatcherServlet'
2023-05-09 14:29:07 INFO [org.springframework.web.servlet.DispatcherServlet]: Completed initialization in 1 ms
2023-05-09 14:29:07 INFO [com.zaxxer.hikari.HikariDataSource]: HikariPool-1 - Starting...
2023-05-09 14:29:07 INFO [com.zaxxer.hikari.HikariDataSource]: HikariPool-1 - Start completed.
2023-05-09 14:29:11 WARN [org.springframework.web.servlet.mvc.support.DefaultHandlerExceptionResolver]: Resolved [org.springframework.web.bind.MissingServletRequestParameterException: Required request parameter 'consumerId' for method parameter type Long is present but converted to null]
2023-05-09 14:30:11 INFO [com.example.yin.YinMusicApplication]: Starting YinMusicApplication using Java 1.8.0_241 on DESKTOP-H6TR2S3 with PID 6540 (D:\小金库\音乐\music-website\music-website\music-server\target\classes started by 坤 in D:\小金库\音乐\music-website\music-website)
2023-05-09 14:30:11 INFO [com.example.yin.YinMusicApplication]: The following profiles are active: dev
2023-05-09 14:30:11 INFO [org.springframework.boot.devtools.env.DevToolsPropertyDefaultsPostProcessor]: Devtools property defaults active! Set 'spring.devtools.add-properties' to 'false' to disable
2023-05-09 14:30:11 INFO [org.springframework.boot.devtools.env.DevToolsPropertyDefaultsPostProcessor]: For additional web related logging consider setting the 'logging.level.web' property to 'DEBUG'
2023-05-09 14:30:12 INFO [org.springframework.data.repository.config.RepositoryConfigurationDelegate]: Multiple Spring Data modules found, entering strict repository configuration mode!
2023-05-09 14:30:12 INFO [org.springframework.data.repository.config.RepositoryConfigurationDelegate]: Bootstrapping Spring Data Redis repositories in DEFAULT mode.
2023-05-09 14:30:12 INFO [org.springframework.data.repository.config.RepositoryConfigurationDelegate]: Finished Spring Data repository scanning in 10 ms. Found 0 Redis repository interfaces.
2023-05-09 14:30:13 INFO [org.springframework.boot.web.embedded.tomcat.TomcatWebServer]: Tomcat initialized with port(s): 8888 (http)
2023-05-09 14:30:13 INFO [org.springframework.boot.web.servlet.context.ServletWebServerApplicationContext]: Root WebApplicationContext: initialization completed in 1859 ms
2023-05-09 14:30:14 INFO [org.springframework.boot.devtools.autoconfigure.OptionalLiveReloadServer]: LiveReload server is running on port 35729
2023-05-09 14:30:14 INFO [org.springframework.boot.web.embedded.tomcat.TomcatWebServer]: Tomcat started on port(s): 8888 (http) with context path ''
2023-05-09 14:30:14 INFO [com.example.yin.YinMusicApplication]: Started YinMusicApplication in 2.627 seconds (JVM running for 3.48)
2023-05-09 14:30:33 INFO [org.springframework.web.servlet.DispatcherServlet]: Initializing Servlet 'dispatcherServlet'
2023-05-09 14:30:33 INFO [org.springframework.web.servlet.DispatcherServlet]: Completed initialization in 0 ms
2023-05-09 14:30:33 WARN [org.springframework.web.servlet.mvc.support.DefaultHandlerExceptionResolver]: Resolved [org.springframework.web.bind.MissingServletRequestParameterException: Required request parameter 'consumerId' for method parameter type Long is present but converted to null]
2023-05-09 14:30:33 INFO [com.zaxxer.hikari.HikariDataSource]: HikariPool-1 - Starting...
2023-05-09 14:30:33 INFO [com.zaxxer.hikari.HikariDataSource]: HikariPool-1 - Start completed.
2023-05-09 14:31:09 WARN [org.springframework.web.servlet.mvc.support.DefaultHandlerExceptionResolver]: Resolved [org.springframework.web.bind.MissingServletRequestParameterException: Required request parameter 'consumerId' for method parameter type Long is present but converted to null]
2023-05-09 14:32:39 WARN [org.springframework.web.servlet.mvc.support.DefaultHandlerExceptionResolver]: Resolved [org.springframework.web.bind.MissingServletRequestParameterException: Required request parameter 'consumerId' for method parameter type Long is present but converted to null]
2023-05-09 14:38:07 INFO [com.example.yin.YinMusicApplication]: Starting YinMusicApplication using Java 1.8.0_241 on DESKTOP-H6TR2S3 with PID 10944 (D:\小金库\音乐\music-website\music-website\music-server\target\classes started by 坤 in D:\小金库\音乐\music-website\music-website)
2023-05-09 14:38:07 INFO [com.example.yin.YinMusicApplication]: The following profiles are active: dev
2023-05-09 14:38:07 INFO [org.springframework.boot.devtools.env.DevToolsPropertyDefaultsPostProcessor]: Devtools property defaults active! Set 'spring.devtools.add-properties' to 'false' to disable
2023-05-09 14:38:07 INFO [org.springframework.boot.devtools.env.DevToolsPropertyDefaultsPostProcessor]: For additional web related logging consider setting the 'logging.level.web' property to 'DEBUG'
2023-05-09 14:38:07 INFO [org.springframework.data.repository.config.RepositoryConfigurationDelegate]: Multiple Spring Data modules found, entering strict repository configuration mode!
2023-05-09 14:38:07 INFO [org.springframework.data.repository.config.RepositoryConfigurationDelegate]: Bootstrapping Spring Data Redis repositories in DEFAULT mode.
2023-05-09 14:38:07 INFO [org.springframework.data.repository.config.RepositoryConfigurationDelegate]: Finished Spring Data repository scanning in 10 ms. Found 0 Redis repository interfaces.
2023-05-09 14:38:09 INFO [org.springframework.boot.web.embedded.tomcat.TomcatWebServer]: Tomcat initialized with port(s): 8888 (http)
2023-05-09 14:38:09 INFO [org.springframework.boot.web.servlet.context.ServletWebServerApplicationContext]: Root WebApplicationContext: initialization completed in 1930 ms
2023-05-09 14:38:09 INFO [org.springframework.boot.devtools.autoconfigure.OptionalLiveReloadServer]: LiveReload server is running on port 35729
2023-05-09 14:38:09 INFO [org.springframework.boot.web.embedded.tomcat.TomcatWebServer]: Tomcat started on port(s): 8888 (http) with context path ''
2023-05-09 14:38:09 INFO [com.example.yin.YinMusicApplication]: Started YinMusicApplication in 2.704 seconds (JVM running for 3.549)
2023-05-09 14:38:51 INFO [org.springframework.web.servlet.DispatcherServlet]: Initializing Servlet 'dispatcherServlet'
2023-05-09 14:38:51 INFO [org.springframework.web.servlet.DispatcherServlet]: Completed initialization in 1 ms
2023-05-09 14:38:51 INFO [com.zaxxer.hikari.HikariDataSource]: HikariPool-1 - Starting...
2023-05-09 14:38:51 INFO [com.zaxxer.hikari.HikariDataSource]: HikariPool-1 - Start completed.
2023-05-09 14:39:51 WARN [org.springframework.web.servlet.mvc.support.DefaultHandlerExceptionResolver]: Resolved [org.springframework.web.bind.MissingServletRequestParameterException: Required request parameter 'consumerId' for method parameter type Long is present but converted to null]
2023-05-09 14:40:30 WARN [org.springframework.web.servlet.mvc.support.DefaultHandlerExceptionResolver]: Resolved [org.springframework.web.bind.MissingServletRequestParameterException: Required request parameter 'consumerId' for method parameter type Long is present but converted to null]
2023-05-09 14:41:38 WARN [org.springframework.web.servlet.mvc.support.DefaultHandlerExceptionResolver]: Resolved [org.springframework.web.bind.MissingServletRequestParameterException: Required request parameter 'consumerId' for method parameter type Long is present but converted to null]
2023-05-09 14:45:04 INFO [com.example.yin.YinMusicApplication]: Starting YinMusicApplication using Java 1.8.0_241 on DESKTOP-H6TR2S3 with PID 10260 (D:\小金库\音乐\music-website\music-website\music-server\target\classes started by 坤 in D:\小金库\音乐\music-website\music-website)
2023-05-09 14:45:04 INFO [com.example.yin.YinMusicApplication]: The following profiles are active: dev
2023-05-09 14:45:04 INFO [org.springframework.boot.devtools.env.DevToolsPropertyDefaultsPostProcessor]: Devtools property defaults active! Set 'spring.devtools.add-properties' to 'false' to disable
2023-05-09 14:45:04 INFO [org.springframework.boot.devtools.env.DevToolsPropertyDefaultsPostProcessor]: For additional web related logging consider setting the 'logging.level.web' property to 'DEBUG'
2023-05-09 14:45:05 INFO [org.springframework.data.repository.config.RepositoryConfigurationDelegate]: Multiple Spring Data modules found, entering strict repository configuration mode!
2023-05-09 14:45:05 INFO [org.springframework.data.repository.config.RepositoryConfigurationDelegate]: Bootstrapping Spring Data Redis repositories in DEFAULT mode.
2023-05-09 14:45:05 INFO [org.springframework.data.repository.config.RepositoryConfigurationDelegate]: Finished Spring Data repository scanning in 11 ms. Found 0 Redis repository interfaces.
2023-05-09 14:45:06 INFO [org.springframework.boot.web.embedded.tomcat.TomcatWebServer]: Tomcat initialized with port(s): 8888 (http)
2023-05-09 14:45:06 INFO [org.springframework.boot.web.servlet.context.ServletWebServerApplicationContext]: Root WebApplicationContext: initialization completed in 1907 ms
2023-05-09 14:45:07 INFO [org.springframework.boot.devtools.autoconfigure.OptionalLiveReloadServer]: LiveReload server is running on port 35729
2023-05-09 14:45:07 INFO [org.springframework.boot.web.embedded.tomcat.TomcatWebServer]: Tomcat started on port(s): 8888 (http) with context path ''
2023-05-09 14:45:07 INFO [com.example.yin.YinMusicApplication]: Started YinMusicApplication in 2.699 seconds (JVM running for 3.572)
2023-05-09 14:45:51 INFO [org.springframework.web.servlet.DispatcherServlet]: Initializing Servlet 'dispatcherServlet'
2023-05-09 14:45:51 INFO [org.springframework.web.servlet.DispatcherServlet]: Completed initialization in 1 ms
2023-05-09 14:45:51 INFO [com.zaxxer.hikari.HikariDataSource]: HikariPool-1 - Starting...
2023-05-09 14:45:51 INFO [com.zaxxer.hikari.HikariDataSource]: HikariPool-1 - Start completed.
2023-05-09 14:45:59 WARN [org.springframework.web.servlet.mvc.support.DefaultHandlerExceptionResolver]: Resolved [org.springframework.web.bind.MissingServletRequestParameterException: Required request parameter 'consumerId' for method parameter type Long is present but converted to null]
2023-05-09 14:46:08 WARN [org.springframework.web.servlet.mvc.support.DefaultHandlerExceptionResolver]: Resolved [org.springframework.web.bind.MissingServletRequestParameterException: Required request parameter 'consumerId' for method parameter type Long is present but converted to null]
2023-05-09 14:46:17 WARN [org.springframework.web.servlet.mvc.support.DefaultHandlerExceptionResolver]: Resolved [org.springframework.web.bind.MissingServletRequestParameterException: Required request parameter 'consumerId' for method parameter type Long is present but converted to null]
2023-05-09 14:49:43 WARN [org.springframework.web.servlet.mvc.support.DefaultHandlerExceptionResolver]: Resolved [org.springframework.web.bind.MissingServletRequestParameterException: Required request parameter 'consumerId' for method parameter type Long is present but converted to null]
2023-05-09 14:52:24 INFO [com.example.yin.YinMusicApplication]: Starting YinMusicApplication using Java 1.8.0_241 on DESKTOP-H6TR2S3 with PID 14160 (D:\小金库\音乐\music-website\music-website\music-server\target\classes started by 坤 in D:\小金库\音乐\music-website\music-website)
2023-05-09 14:52:24 INFO [com.example.yin.YinMusicApplication]: The following profiles are active: dev
2023-05-09 14:52:24 INFO [org.springframework.boot.devtools.env.DevToolsPropertyDefaultsPostProcessor]: Devtools property defaults active! Set 'spring.devtools.add-properties' to 'false' to disable
2023-05-09 14:52:24 INFO [org.springframework.boot.devtools.env.DevToolsPropertyDefaultsPostProcessor]: For additional web related logging consider setting the 'logging.level.web' property to 'DEBUG'
2023-05-09 14:52:25 INFO [org.springframework.data.repository.config.RepositoryConfigurationDelegate]: Multiple Spring Data modules found, entering strict repository configuration mode!
2023-05-09 14:52:25 INFO [org.springframework.data.repository.config.RepositoryConfigurationDelegate]: Bootstrapping Spring Data Redis repositories in DEFAULT mode.
2023-05-09 14:52:25 INFO [org.springframework.data.repository.config.RepositoryConfigurationDelegate]: Finished Spring Data repository scanning in 10 ms. Found 0 Redis repository interfaces.
2023-05-09 14:52:26 INFO [org.springframework.boot.web.embedded.tomcat.TomcatWebServer]: Tomcat initialized with port(s): 8888 (http)
2023-05-09 14:52:26 INFO [org.springframework.boot.web.servlet.context.ServletWebServerApplicationContext]: Root WebApplicationContext: initialization completed in 1900 ms
2023-05-09 14:52:27 INFO [org.springframework.boot.devtools.autoconfigure.OptionalLiveReloadServer]: LiveReload server is running on port 35729
2023-05-09 14:52:27 INFO [org.springframework.boot.web.embedded.tomcat.TomcatWebServer]: Tomcat started on port(s): 8888 (http) with context path ''
2023-05-09 14:52:27 INFO [com.example.yin.YinMusicApplication]: Started YinMusicApplication in 2.682 seconds (JVM running for 3.515)
2023-05-09 14:52:29 INFO [org.springframework.web.servlet.DispatcherServlet]: Initializing Servlet 'dispatcherServlet'
2023-05-09 14:52:29 INFO [org.springframework.web.servlet.DispatcherServlet]: Completed initialization in 1 ms
2023-05-09 14:52:29 INFO [com.zaxxer.hikari.HikariDataSource]: HikariPool-1 - Starting...
2023-05-09 14:52:29 INFO [com.zaxxer.hikari.HikariDataSource]: HikariPool-1 - Start completed.
2023-05-09 14:52:33 WARN [org.springframework.web.servlet.mvc.support.DefaultHandlerExceptionResolver]: Resolved [org.springframework.web.bind.MissingServletRequestParameterException: Required request parameter 'consumerId' for method parameter type Long is present but converted to null]
2023-05-09 14:58:36 WARN [org.springframework.web.servlet.mvc.support.DefaultHandlerExceptionResolver]: Resolved [org.springframework.web.bind.MissingServletRequestParameterException: Required request parameter 'consumerId' for method parameter type Long is present but converted to null]
2023-05-09 14:59:15 WARN [org.springframework.web.servlet.mvc.support.DefaultHandlerExceptionResolver]: Resolved [org.springframework.web.bind.MissingServletRequestParameterException: Required request parameter 'consumerId' for method parameter type Long is present but converted to null]
2023-05-09 15:00:07 WARN [org.springframework.web.servlet.mvc.support.DefaultHandlerExceptionResolver]: Resolved [org.springframework.web.bind.MissingServletRequestParameterException: Required request parameter 'consumerId' for method parameter type Long is present but converted to null]
2023-05-09 15:00:14 WARN [org.springframework.web.servlet.mvc.support.DefaultHandlerExceptionResolver]: Resolved [org.springframework.web.bind.MissingServletRequestParameterException: Required request parameter 'consumerId' for method parameter type Long is present but converted to null]
2023-05-09 15:00:27 WARN [org.springframework.web.servlet.mvc.support.DefaultHandlerExceptionResolver]: Resolved [org.springframework.web.bind.MissingServletRequestParameterException: Required request parameter 'consumerId' for method parameter type Long is present but converted to null]
2023-05-09 15:02:19 WARN [org.springframework.web.servlet.mvc.support.DefaultHandlerExceptionResolver]: Resolved [org.springframework.web.bind.MissingServletRequestParameterException: Required request parameter 'consumerId' for method parameter type Long is present but converted to null]
2023-05-09 15:14:41 INFO [com.example.yin.YinMusicApplication]: Starting YinMusicApplication using Java 1.8.0_241 on DESKTOP-H6TR2S3 with PID 8980 (D:\小金库\音乐\music-website\music-website\music-server\target\classes started by 坤 in D:\小金库\音乐\music-website\music-website)
2023-05-09 15:14:41 INFO [com.example.yin.YinMusicApplication]: The following profiles are active: dev
2023-05-09 15:14:41 INFO [org.springframework.boot.devtools.env.DevToolsPropertyDefaultsPostProcessor]: Devtools property defaults active! Set 'spring.devtools.add-properties' to 'false' to disable
2023-05-09 15:14:41 INFO [org.springframework.boot.devtools.env.DevToolsPropertyDefaultsPostProcessor]: For additional web related logging consider setting the 'logging.level.web' property to 'DEBUG'
2023-05-09 15:14:41 INFO [org.springframework.data.repository.config.RepositoryConfigurationDelegate]: Multiple Spring Data modules found, entering strict repository configuration mode!
2023-05-09 15:14:41 INFO [org.springframework.data.repository.config.RepositoryConfigurationDelegate]: Bootstrapping Spring Data Redis repositories in DEFAULT mode.
2023-05-09 15:14:41 INFO [org.springframework.data.repository.config.RepositoryConfigurationDelegate]: Finished Spring Data repository scanning in 10 ms. Found 0 Redis repository interfaces.
2023-05-09 15:14:43 INFO [org.springframework.boot.web.embedded.tomcat.TomcatWebServer]: Tomcat initialized with port(s): 8888 (http)
2023-05-09 15:14:43 INFO [org.springframework.boot.web.servlet.context.ServletWebServerApplicationContext]: Root WebApplicationContext: initialization completed in 1865 ms
2023-05-09 15:14:43 INFO [org.springframework.boot.devtools.autoconfigure.OptionalLiveReloadServer]: LiveReload server is running on port 35729
2023-05-09 15:14:43 INFO [org.springframework.boot.web.embedded.tomcat.TomcatWebServer]: Tomcat started on port(s): 8888 (http) with context path ''
2023-05-09 15:14:43 INFO [com.example.yin.YinMusicApplication]: Started YinMusicApplication in 2.673 seconds (JVM running for 3.525)
2023-05-09 15:14:48 INFO [org.springframework.web.servlet.DispatcherServlet]: Initializing Servlet 'dispatcherServlet'
2023-05-09 15:14:48 INFO [org.springframework.web.servlet.DispatcherServlet]: Completed initialization in 1 ms
2023-05-09 15:14:49 INFO [com.zaxxer.hikari.HikariDataSource]: HikariPool-1 - Starting...
2023-05-09 15:14:49 INFO [com.zaxxer.hikari.HikariDataSource]: HikariPool-1 - Start completed.
2023-05-09 15:18:49 INFO [com.example.yin.YinMusicApplication]: Starting YinMusicApplication using Java 1.8.0_241 on DESKTOP-H6TR2S3 with PID 8680 (D:\小金库\音乐\music-website\music-website\music-server\target\classes started by 坤 in D:\小金库\音乐\music-website\music-website)
2023-05-09 15:18:49 INFO [com.example.yin.YinMusicApplication]: The following profiles are active: dev
2023-05-09 15:18:49 INFO [org.springframework.boot.devtools.env.DevToolsPropertyDefaultsPostProcessor]: Devtools property defaults active! Set 'spring.devtools.add-properties' to 'false' to disable
2023-05-09 15:18:49 INFO [org.springframework.boot.devtools.env.DevToolsPropertyDefaultsPostProcessor]: For additional web related logging consider setting the 'logging.level.web' property to 'DEBUG'
2023-05-09 15:18:50 INFO [org.springframework.data.repository.config.RepositoryConfigurationDelegate]: Multiple Spring Data modules found, entering strict repository configuration mode!
2023-05-09 15:18:50 INFO [org.springframework.data.repository.config.RepositoryConfigurationDelegate]: Bootstrapping Spring Data Redis repositories in DEFAULT mode.
2023-05-09 15:18:50 INFO [org.springframework.data.repository.config.RepositoryConfigurationDelegate]: Finished Spring Data repository scanning in 10 ms. Found 0 Redis repository interfaces.
2023-05-09 15:18:51 INFO [org.springframework.boot.web.embedded.tomcat.TomcatWebServer]: Tomcat initialized with port(s): 8888 (http)
2023-05-09 15:18:51 INFO [org.springframework.boot.web.servlet.context.ServletWebServerApplicationContext]: Root WebApplicationContext: initialization completed in 1884 ms
2023-05-09 15:18:52 INFO [org.springframework.boot.devtools.autoconfigure.OptionalLiveReloadServer]: LiveReload server is running on port 35729
2023-05-09 15:18:52 INFO [org.springframework.boot.web.embedded.tomcat.TomcatWebServer]: Tomcat started on port(s): 8888 (http) with context path ''
2023-05-09 15:18:52 INFO [com.example.yin.YinMusicApplication]: Started YinMusicApplication in 2.711 seconds (JVM running for 3.544)
2023-05-09 15:21:01 INFO [org.springframework.web.servlet.DispatcherServlet]: Initializing Servlet 'dispatcherServlet'
2023-05-09 15:21:01 INFO [org.springframework.web.servlet.DispatcherServlet]: Completed initialization in 1 ms
2023-05-09 15:21:01 INFO [com.zaxxer.hikari.HikariDataSource]: HikariPool-1 - Starting...
2023-05-09 15:21:01 INFO [com.zaxxer.hikari.HikariDataSource]: HikariPool-1 - Start completed.
2023-05-09 15:23:50 WARN [org.springframework.web.servlet.mvc.support.DefaultHandlerExceptionResolver]: Resolved [org.springframework.web.bind.MissingServletRequestParameterException: Required request parameter 'consumerId' for method parameter type Long is present but converted to null]
2023-05-09 15:26:34 WARN [org.springframework.web.servlet.mvc.support.DefaultHandlerExceptionResolver]: Resolved [org.springframework.web.bind.MissingServletRequestParameterException: Required request parameter 'consumerId' for method parameter type Long is present but converted to null]
2023-05-09 17:16:49 INFO [com.example.yin.YinMusicApplication]: Starting YinMusicApplication using Java 1.8.0_241 on DESKTOP-H6TR2S3 with PID 22096 (D:\小金库\音乐\music-website\music-website\music-server\target\classes started by 坤 in D:\小金库\音乐\music-website\music-website)
2023-05-09 17:16:49 INFO [com.example.yin.YinMusicApplication]: The following profiles are active: dev
2023-05-09 17:16:49 INFO [org.springframework.boot.devtools.env.DevToolsPropertyDefaultsPostProcessor]: Devtools property defaults active! Set 'spring.devtools.add-properties' to 'false' to disable
2023-05-09 17:16:49 INFO [org.springframework.boot.devtools.env.DevToolsPropertyDefaultsPostProcessor]: For additional web related logging consider setting the 'logging.level.web' property to 'DEBUG'
2023-05-09 17:16:50 INFO [org.springframework.data.repository.config.RepositoryConfigurationDelegate]: Multiple Spring Data modules found, entering strict repository configuration mode!
2023-05-09 17:16:50 INFO [org.springframework.data.repository.config.RepositoryConfigurationDelegate]: Bootstrapping Spring Data Redis repositories in DEFAULT mode.
2023-05-09 17:16:50 INFO [org.springframework.data.repository.config.RepositoryConfigurationDelegate]: Finished Spring Data repository scanning in 10 ms. Found 0 Redis repository interfaces.
2023-05-09 17:16:51 INFO [org.springframework.boot.web.embedded.tomcat.TomcatWebServer]: Tomcat initialized with port(s): 8888 (http)
2023-05-09 17:16:51 INFO [org.springframework.boot.web.servlet.context.ServletWebServerApplicationContext]: Root WebApplicationContext: initialization completed in 2063 ms
2023-05-09 17:16:52 INFO [org.springframework.boot.devtools.autoconfigure.OptionalLiveReloadServer]: LiveReload server is running on port 35729
2023-05-09 17:16:52 INFO [org.springframework.boot.web.embedded.tomcat.TomcatWebServer]: Tomcat started on port(s): 8888 (http) with context path ''
2023-05-09 17:16:52 INFO [com.example.yin.YinMusicApplication]: Started YinMusicApplication in 2.934 seconds (JVM running for 3.867)
2023-05-09 17:25:09 INFO [org.springframework.web.servlet.DispatcherServlet]: Initializing Servlet 'dispatcherServlet'
2023-05-09 17:25:09 INFO [org.springframework.web.servlet.DispatcherServlet]: Completed initialization in 1 ms
2023-05-09 17:25:09 INFO [com.zaxxer.hikari.HikariDataSource]: HikariPool-1 - Starting...
2023-05-09 17:25:09 INFO [com.zaxxer.hikari.HikariDataSource]: HikariPool-1 - Start completed.
2023-05-09 18:19:14 INFO [com.example.yin.YinMusicApplication]: Starting YinMusicApplication using Java 1.8.0_241 on DESKTOP-H6TR2S3 with PID 17216 (D:\小金库\音乐\music-website\music-website\music-server\target\classes started by 坤 in D:\小金库\音乐\music-website\music-website)
2023-05-09 18:19:14 INFO [com.example.yin.YinMusicApplication]: The following profiles are active: dev
2023-05-09 18:19:14 INFO [org.springframework.boot.devtools.env.DevToolsPropertyDefaultsPostProcessor]: Devtools property defaults active! Set 'spring.devtools.add-properties' to 'false' to disable
2023-05-09 18:19:14 INFO [org.springframework.boot.devtools.env.DevToolsPropertyDefaultsPostProcessor]: For additional web related logging consider setting the 'logging.level.web' property to 'DEBUG'
2023-05-09 18:19:14 INFO [org.springframework.data.repository.config.RepositoryConfigurationDelegate]: Multiple Spring Data modules found, entering strict repository configuration mode!
2023-05-09 18:19:14 INFO [org.springframework.data.repository.config.RepositoryConfigurationDelegate]: Bootstrapping Spring Data Redis repositories in DEFAULT mode.
2023-05-09 18:19:14 INFO [org.springframework.data.repository.config.RepositoryConfigurationDelegate]: Finished Spring Data repository scanning in 10 ms. Found 0 Redis repository interfaces.
2023-05-09 18:19:16 INFO [org.springframework.boot.web.embedded.tomcat.TomcatWebServer]: Tomcat initialized with port(s): 8888 (http)
2023-05-09 18:19:16 INFO [org.springframework.boot.web.servlet.context.ServletWebServerApplicationContext]: Root WebApplicationContext: initialization completed in 1870 ms
2023-05-09 18:19:16 INFO [org.springframework.boot.devtools.autoconfigure.OptionalLiveReloadServer]: LiveReload server is running on port 35729
2023-05-09 18:19:16 INFO [org.springframework.boot.web.embedded.tomcat.TomcatWebServer]: Tomcat started on port(s): 8888 (http) with context path ''
2023-05-09 18:19:16 INFO [com.example.yin.YinMusicApplication]: Started YinMusicApplication in 2.64 seconds (JVM running for 3.489)
2023-05-09 18:19:27 INFO [org.springframework.web.servlet.DispatcherServlet]: Initializing Servlet 'dispatcherServlet'
2023-05-09 18:19:27 INFO [org.springframework.web.servlet.DispatcherServlet]: Completed initialization in 1 ms
2023-05-09 18:19:27 INFO [com.zaxxer.hikari.HikariDataSource]: HikariPool-1 - Starting...
2023-05-09 18:19:27 INFO [com.zaxxer.hikari.HikariDataSource]: HikariPool-1 - Start completed.
2023-05-09 18:22:46 INFO [com.example.yin.YinMusicApplication]: Starting YinMusicApplication using Java 1.8.0_241 on DESKTOP-H6TR2S3 with PID 17876 (D:\小金库\音乐\music-website\music-website\music-server\target\classes started by 坤 in D:\小金库\音乐\music-website\music-website)
2023-05-09 18:22:46 INFO [com.example.yin.YinMusicApplication]: The following profiles are active: dev
2023-05-09 18:22:46 INFO [org.springframework.boot.devtools.env.DevToolsPropertyDefaultsPostProcessor]: Devtools property defaults active! Set 'spring.devtools.add-properties' to 'false' to disable
2023-05-09 18:22:46 INFO [org.springframework.boot.devtools.env.DevToolsPropertyDefaultsPostProcessor]: For additional web related logging consider setting the 'logging.level.web' property to 'DEBUG'
2023-05-09 18:22:46 INFO [org.springframework.data.repository.config.RepositoryConfigurationDelegate]: Multiple Spring Data modules found, entering strict repository configuration mode!
2023-05-09 18:22:46 INFO [org.springframework.data.repository.config.RepositoryConfigurationDelegate]: Bootstrapping Spring Data Redis repositories in DEFAULT mode.
2023-05-09 18:22:46 INFO [org.springframework.data.repository.config.RepositoryConfigurationDelegate]: Finished Spring Data repository scanning in 10 ms. Found 0 Redis repository interfaces.
2023-05-09 18:22:48 INFO [org.springframework.boot.web.embedded.tomcat.TomcatWebServer]: Tomcat initialized with port(s): 8888 (http)
2023-05-09 18:22:48 INFO [org.springframework.boot.web.servlet.context.ServletWebServerApplicationContext]: Root WebApplicationContext: initialization completed in 1867 ms
2023-05-09 18:22:48 INFO [org.springframework.boot.devtools.autoconfigure.OptionalLiveReloadServer]: LiveReload server is running on port 35729
2023-05-09 18:22:48 INFO [org.springframework.boot.web.embedded.tomcat.TomcatWebServer]: Tomcat started on port(s): 8888 (http) with context path ''
2023-05-09 18:22:48 INFO [com.example.yin.YinMusicApplication]: Started YinMusicApplication in 2.623 seconds (JVM running for 3.52)
2023-05-09 18:23:21 INFO [org.springframework.web.servlet.DispatcherServlet]: Initializing Servlet 'dispatcherServlet'
2023-05-09 18:23:21 INFO [org.springframework.web.servlet.DispatcherServlet]: Completed initialization in 0 ms
2023-05-09 18:23:21 INFO [com.zaxxer.hikari.HikariDataSource]: HikariPool-1 - Starting...
2023-05-09 18:23:21 INFO [com.zaxxer.hikari.HikariDataSource]: HikariPool-1 - Start completed.
2023-05-09 18:26:37 INFO [com.example.yin.YinMusicApplication]: Starting YinMusicApplication using Java 1.8.0_241 on DESKTOP-H6TR2S3 with PID 20056 (D:\小金库\音乐\music-website\music-website\music-server\target\classes started by 坤 in D:\小金库\音乐\music-website\music-website)
2023-05-09 18:26:37 INFO [com.example.yin.YinMusicApplication]: The following profiles are active: dev
2023-05-09 18:26:37 INFO [org.springframework.boot.devtools.env.DevToolsPropertyDefaultsPostProcessor]: Devtools property defaults active! Set 'spring.devtools.add-properties' to 'false' to disable
2023-05-09 18:26:37 INFO [org.springframework.boot.devtools.env.DevToolsPropertyDefaultsPostProcessor]: For additional web related logging consider setting the 'logging.level.web' property to 'DEBUG'
2023-05-09 18:26:37 INFO [org.springframework.data.repository.config.RepositoryConfigurationDelegate]: Multiple Spring Data modules found, entering strict repository configuration mode!
2023-05-09 18:26:37 INFO [org.springframework.data.repository.config.RepositoryConfigurationDelegate]: Bootstrapping Spring Data Redis repositories in DEFAULT mode.
2023-05-09 18:26:37 INFO [org.springframework.data.repository.config.RepositoryConfigurationDelegate]: Finished Spring Data repository scanning in 10 ms. Found 0 Redis repository interfaces.
2023-05-09 18:26:39 INFO [org.springframework.boot.web.embedded.tomcat.TomcatWebServer]: Tomcat initialized with port(s): 8888 (http)
2023-05-09 18:26:39 INFO [org.springframework.boot.web.servlet.context.ServletWebServerApplicationContext]: Root WebApplicationContext: initialization completed in 1945 ms
2023-05-09 18:26:39 INFO [org.springframework.boot.devtools.autoconfigure.OptionalLiveReloadServer]: LiveReload server is running on port 35729
2023-05-09 18:26:39 INFO [org.springframework.boot.web.embedded.tomcat.TomcatWebServer]: Tomcat started on port(s): 8888 (http) with context path ''
2023-05-09 18:26:39 INFO [com.example.yin.YinMusicApplication]: Started YinMusicApplication in 2.719 seconds (JVM running for 3.628)
2023-05-09 18:26:44 INFO [org.springframework.web.servlet.DispatcherServlet]: Initializing Servlet 'dispatcherServlet'
2023-05-09 18:26:44 INFO [org.springframework.web.servlet.DispatcherServlet]: Completed initialization in 1 ms
2023-05-09 18:26:44 INFO [com.zaxxer.hikari.HikariDataSource]: HikariPool-1 - Starting...
2023-05-09 18:26:44 INFO [com.zaxxer.hikari.HikariDataSource]: HikariPool-1 - Start completed.
2023-05-09 18:28:22 INFO [com.example.yin.YinMusicApplication]: Starting YinMusicApplication using Java 1.8.0_241 on DESKTOP-H6TR2S3 with PID 5884 (D:\小金库\音乐\music-website\music-website\music-server\target\classes started by 坤 in D:\小金库\音乐\music-website\music-website)
2023-05-09 18:28:22 INFO [com.example.yin.YinMusicApplication]: The following profiles are active: dev
2023-05-09 18:28:22 INFO [org.springframework.boot.devtools.env.DevToolsPropertyDefaultsPostProcessor]: Devtools property defaults active! Set 'spring.devtools.add-properties' to 'false' to disable
2023-05-09 18:28:22 INFO [org.springframework.boot.devtools.env.DevToolsPropertyDefaultsPostProcessor]: For additional web related logging consider setting the 'logging.level.web' property to 'DEBUG'
2023-05-09 18:28:23 INFO [org.springframework.data.repository.config.RepositoryConfigurationDelegate]: Multiple Spring Data modules found, entering strict repository configuration mode!
2023-05-09 18:28:23 INFO [org.springframework.data.repository.config.RepositoryConfigurationDelegate]: Bootstrapping Spring Data Redis repositories in DEFAULT mode.
2023-05-09 18:28:23 INFO [org.springframework.data.repository.config.RepositoryConfigurationDelegate]: Finished Spring Data repository scanning in 10 ms. Found 0 Redis repository interfaces.
2023-05-09 18:28:24 INFO [org.springframework.boot.web.embedded.tomcat.TomcatWebServer]: Tomcat initialized with port(s): 8888 (http)
2023-05-09 18:28:24 INFO [org.springframework.boot.web.servlet.context.ServletWebServerApplicationContext]: Root WebApplicationContext: initialization completed in 1864 ms
2023-05-09 18:28:25 INFO [org.springframework.boot.devtools.autoconfigure.OptionalLiveReloadServer]: LiveReload server is running on port 35729
2023-05-09 18:28:25 INFO [org.springframework.boot.web.embedded.tomcat.TomcatWebServer]: Tomcat started on port(s): 8888 (http) with context path ''
2023-05-09 18:28:25 INFO [com.example.yin.YinMusicApplication]: Started YinMusicApplication in 2.648 seconds (JVM running for 3.49)
2023-05-09 18:28:30 INFO [org.springframework.web.servlet.DispatcherServlet]: Initializing Servlet 'dispatcherServlet'
2023-05-09 18:28:30 INFO [org.springframework.web.servlet.DispatcherServlet]: Completed initialization in 1 ms
2023-05-09 18:31:21 INFO [com.example.yin.YinMusicApplication]: Starting YinMusicApplication using Java 1.8.0_241 on DESKTOP-H6TR2S3 with PID 23180 (D:\小金库\音乐\music-website\music-website\music-server\target\classes started by 坤 in D:\小金库\音乐\music-website\music-website)
2023-05-09 18:31:21 INFO [com.example.yin.YinMusicApplication]: The following profiles are active: dev
2023-05-09 18:31:21 INFO [org.springframework.boot.devtools.env.DevToolsPropertyDefaultsPostProcessor]: Devtools property defaults active! Set 'spring.devtools.add-properties' to 'false' to disable
2023-05-09 18:31:21 INFO [org.springframework.boot.devtools.env.DevToolsPropertyDefaultsPostProcessor]: For additional web related logging consider setting the 'logging.level.web' property to 'DEBUG'
2023-05-09 18:31:21 INFO [org.springframework.data.repository.config.RepositoryConfigurationDelegate]: Multiple Spring Data modules found, entering strict repository configuration mode!
2023-05-09 18:31:21 INFO [org.springframework.data.repository.config.RepositoryConfigurationDelegate]: Bootstrapping Spring Data Redis repositories in DEFAULT mode.
2023-05-09 18:31:21 INFO [org.springframework.data.repository.config.RepositoryConfigurationDelegate]: Finished Spring Data repository scanning in 10 ms. Found 0 Redis repository interfaces.
2023-05-09 18:31:23 INFO [org.springframework.boot.web.embedded.tomcat.TomcatWebServer]: Tomcat initialized with port(s): 8888 (http)
2023-05-09 18:31:23 INFO [org.springframework.boot.web.servlet.context.ServletWebServerApplicationContext]: Root WebApplicationContext: initialization completed in 1841 ms
2023-05-09 18:31:23 INFO [org.springframework.boot.devtools.autoconfigure.OptionalLiveReloadServer]: LiveReload server is running on port 35729
2023-05-09 18:31:23 INFO [org.springframework.boot.web.embedded.tomcat.TomcatWebServer]: Tomcat started on port(s): 8888 (http) with context path ''
2023-05-09 18:31:23 INFO [com.example.yin.YinMusicApplication]: Started YinMusicApplication in 2.611 seconds (JVM running for 3.475)
2023-05-09 18:31:45 INFO [org.springframework.web.servlet.DispatcherServlet]: Initializing Servlet 'dispatcherServlet'
2023-05-09 18:31:45 INFO [org.springframework.web.servlet.DispatcherServlet]: Completed initialization in 1 ms
2023-05-09 18:31:45 INFO [com.zaxxer.hikari.HikariDataSource]: HikariPool-1 - Starting...
2023-05-09 18:31:45 INFO [com.zaxxer.hikari.HikariDataSource]: HikariPool-1 - Start completed.
2023-05-09 18:31:51 WARN [org.springframework.web.servlet.mvc.support.DefaultHandlerExceptionResolver]: Resolved [org.springframework.web.bind.MissingServletRequestParameterException: Required request parameter 'consumerId' for method parameter type Long is present but converted to null]
2023-05-09 18:32:02 WARN [org.springframework.web.servlet.mvc.support.DefaultHandlerExceptionResolver]: Resolved [org.springframework.web.bind.MissingServletRequestParameterException: Required request parameter 'consumerId' for method parameter type Long is present but converted to null]
2023-05-09 18:32:44 INFO [com.example.yin.YinMusicApplication]: Starting YinMusicApplication using Java 1.8.0_241 on DESKTOP-H6TR2S3 with PID 21004 (D:\小金库\音乐\music-website\music-website\music-server\target\classes started by 坤 in D:\小金库\音乐\music-website\music-website)
2023-05-09 18:32:44 INFO [com.example.yin.YinMusicApplication]: The following profiles are active: dev
2023-05-09 18:32:44 INFO [org.springframework.boot.devtools.env.DevToolsPropertyDefaultsPostProcessor]: Devtools property defaults active! Set 'spring.devtools.add-properties' to 'false' to disable
2023-05-09 18:32:44 INFO [org.springframework.boot.devtools.env.DevToolsPropertyDefaultsPostProcessor]: For additional web related logging consider setting the 'logging.level.web' property to 'DEBUG'
2023-05-09 18:32:44 INFO [org.springframework.data.repository.config.RepositoryConfigurationDelegate]: Multiple Spring Data modules found, entering strict repository configuration mode!
2023-05-09 18:32:44 INFO [org.springframework.data.repository.config.RepositoryConfigurationDelegate]: Bootstrapping Spring Data Redis repositories in DEFAULT mode.
2023-05-09 18:32:44 INFO [org.springframework.data.repository.config.RepositoryConfigurationDelegate]: Finished Spring Data repository scanning in 9 ms. Found 0 Redis repository interfaces.
2023-05-09 18:32:45 INFO [org.springframework.boot.web.embedded.tomcat.TomcatWebServer]: Tomcat initialized with port(s): 8888 (http)
2023-05-09 18:32:46 INFO [org.springframework.boot.web.servlet.context.ServletWebServerApplicationContext]: Root WebApplicationContext: initialization completed in 1901 ms
2023-05-09 18:32:46 INFO [org.springframework.boot.devtools.autoconfigure.OptionalLiveReloadServer]: LiveReload server is running on port 35729
2023-05-09 18:32:46 INFO [org.springframework.boot.web.embedded.tomcat.TomcatWebServer]: Tomcat started on port(s): 8888 (http) with context path ''
2023-05-09 18:32:46 INFO [com.example.yin.YinMusicApplication]: Started YinMusicApplication in 2.694 seconds (JVM running for 3.536)
2023-05-09 18:32:47 INFO [org.springframework.web.servlet.DispatcherServlet]: Initializing Servlet 'dispatcherServlet'
2023-05-09 18:32:47 INFO [org.springframework.web.servlet.DispatcherServlet]: Completed initialization in 0 ms
2023-05-09 18:32:47 WARN [org.springframework.web.servlet.mvc.support.DefaultHandlerExceptionResolver]: Resolved [org.springframework.web.bind.MissingServletRequestParameterException: Required request parameter 'consumerId' for method parameter type Long is present but converted to null]
2023-05-09 18:32:47 INFO [com.zaxxer.hikari.HikariDataSource]: HikariPool-1 - Starting...
2023-05-09 18:32:47 INFO [com.zaxxer.hikari.HikariDataSource]: HikariPool-1 - Start completed.
2023-05-09 18:32:52 WARN [org.springframework.web.servlet.mvc.support.DefaultHandlerExceptionResolver]: Resolved [org.springframework.web.bind.MissingServletRequestParameterException: Required request parameter 'consumerId' for method parameter type Long is present but converted to null]
2023-05-09 18:36:50 INFO [com.example.yin.YinMusicApplication]: Starting YinMusicApplication using Java 1.8.0_241 on DESKTOP-H6TR2S3 with PID 19212 (D:\小金库\音乐\music-website\music-website\music-server\target\classes started by 坤 in D:\小金库\音乐\music-website\music-website)
2023-05-09 18:36:50 INFO [com.example.yin.YinMusicApplication]: The following profiles are active: dev
2023-05-09 18:36:50 INFO [org.springframework.boot.devtools.env.DevToolsPropertyDefaultsPostProcessor]: Devtools property defaults active! Set 'spring.devtools.add-properties' to 'false' to disable
2023-05-09 18:36:50 INFO [org.springframework.boot.devtools.env.DevToolsPropertyDefaultsPostProcessor]: For additional web related logging consider setting the 'logging.level.web' property to 'DEBUG'
2023-05-09 18:36:50 INFO [org.springframework.data.repository.config.RepositoryConfigurationDelegate]: Multiple Spring Data modules found, entering strict repository configuration mode!
2023-05-09 18:36:50 INFO [org.springframework.data.repository.config.RepositoryConfigurationDelegate]: Bootstrapping Spring Data Redis repositories in DEFAULT mode.
2023-05-09 18:36:50 INFO [org.springframework.data.repository.config.RepositoryConfigurationDelegate]: Finished Spring Data repository scanning in 10 ms. Found 0 Redis repository interfaces.
2023-05-09 18:36:52 INFO [org.springframework.boot.web.embedded.tomcat.TomcatWebServer]: Tomcat initialized with port(s): 8888 (http)
2023-05-09 18:36:52 INFO [org.springframework.boot.web.servlet.context.ServletWebServerApplicationContext]: Root WebApplicationContext: initialization completed in 1953 ms
2023-05-09 18:36:52 INFO [org.springframework.boot.devtools.autoconfigure.OptionalLiveReloadServer]: LiveReload server is running on port 35729
2023-05-09 18:36:52 INFO [org.springframework.boot.web.embedded.tomcat.TomcatWebServer]: Tomcat started on port(s): 8888 (http) with context path ''
2023-05-09 18:36:52 INFO [com.example.yin.YinMusicApplication]: Started YinMusicApplication in 2.788 seconds (JVM running for 3.668)
2023-05-09 18:37:03 INFO [org.springframework.web.servlet.DispatcherServlet]: Initializing Servlet 'dispatcherServlet'
2023-05-09 18:37:03 INFO [org.springframework.web.servlet.DispatcherServlet]: Completed initialization in 0 ms
2023-05-09 18:37:03 INFO [com.zaxxer.hikari.HikariDataSource]: HikariPool-1 - Starting...
2023-05-09 18:37:03 INFO [com.zaxxer.hikari.HikariDataSource]: HikariPool-1 - Start completed.
2023-05-09 18:41:08 INFO [com.example.yin.YinMusicApplication]: Starting YinMusicApplication using Java 1.8.0_241 on DESKTOP-H6TR2S3 with PID 1384 (D:\小金库\音乐\music-website\music-website\music-server\target\classes started by 坤 in D:\小金库\音乐\music-website\music-website)
2023-05-09 18:41:08 INFO [com.example.yin.YinMusicApplication]: The following profiles are active: dev
2023-05-09 18:41:08 INFO [org.springframework.boot.devtools.env.DevToolsPropertyDefaultsPostProcessor]: Devtools property defaults active! Set 'spring.devtools.add-properties' to 'false' to disable
2023-05-09 18:41:08 INFO [org.springframework.boot.devtools.env.DevToolsPropertyDefaultsPostProcessor]: For additional web related logging consider setting the 'logging.level.web' property to 'DEBUG'
2023-05-09 18:41:08 INFO [org.springframework.data.repository.config.RepositoryConfigurationDelegate]: Multiple Spring Data modules found, entering strict repository configuration mode!
2023-05-09 18:41:08 INFO [org.springframework.data.repository.config.RepositoryConfigurationDelegate]: Bootstrapping Spring Data Redis repositories in DEFAULT mode.
2023-05-09 18:41:08 INFO [org.springframework.data.repository.config.RepositoryConfigurationDelegate]: Finished Spring Data repository scanning in 9 ms. Found 0 Redis repository interfaces.
2023-05-09 18:41:10 INFO [org.springframework.boot.web.embedded.tomcat.TomcatWebServer]: Tomcat initialized with port(s): 8888 (http)
2023-05-09 18:41:10 INFO [org.springframework.boot.web.servlet.context.ServletWebServerApplicationContext]: Root WebApplicationContext: initialization completed in 1882 ms
2023-05-09 18:41:10 INFO [org.springframework.boot.devtools.autoconfigure.OptionalLiveReloadServer]: LiveReload server is running on port 35729
2023-05-09 18:41:10 INFO [org.springframework.boot.web.embedded.tomcat.TomcatWebServer]: Tomcat started on port(s): 8888 (http) with context path ''
2023-05-09 18:41:10 INFO [com.example.yin.YinMusicApplication]: Started YinMusicApplication in 2.652 seconds (JVM running for 3.484)
2023-05-09 18:41:17 INFO [org.springframework.web.servlet.DispatcherServlet]: Initializing Servlet 'dispatcherServlet'
2023-05-09 18:41:17 INFO [org.springframework.web.servlet.DispatcherServlet]: Completed initialization in 0 ms
2023-05-09 18:41:17 INFO [com.zaxxer.hikari.HikariDataSource]: HikariPool-1 - Starting...
2023-05-09 18:41:17 INFO [com.zaxxer.hikari.HikariDataSource]: HikariPool-1 - Start completed.
2023-05-09 18:41:46 WARN [org.springframework.web.servlet.mvc.support.DefaultHandlerExceptionResolver]: Resolved [org.springframework.web.bind.MissingServletRequestParameterException: Required request parameter 'consumerId' for method parameter type Long is present but converted to null]
2023-05-09 18:44:08 WARN [org.springframework.web.servlet.mvc.support.DefaultHandlerExceptionResolver]: Resolved [org.springframework.web.bind.MissingServletRequestParameterException: Required request parameter 'consumerId' for method parameter type Long is present but converted to null]
2023-05-09 18:44:37 WARN [org.springframework.web.servlet.mvc.support.DefaultHandlerExceptionResolver]: Resolved [org.springframework.web.bind.MissingServletRequestParameterException: Required request parameter 'consumerId' for method parameter type Long is present but converted to null]
